c:\users\ben remez\source\repos\pacmanai\pacmanai\debug\vc142.pdb
c:\users\ben remez\source\repos\pacmanai\pacmanai\debug\vc142.idb
c:\users\ben remez\source\repos\pacmanai\pacmanai\debug\main.obj
c:\users\ben remez\source\repos\pacmanai\pacmanai\debug\comparebfscells.obj
c:\users\ben remez\source\repos\pacmanai\pacmanai\debug\compareastarcells.obj
c:\users\ben remez\source\repos\pacmanai\pacmanai\debug\cell.obj
c:\users\ben remez\source\repos\pacmanai\pacmanai\debug\ghost.obj
c:\users\ben remez\source\repos\pacmanaidup\pacmanai\debug\vc142.pdb
c:\users\ben remez\source\repos\pacmanaidup\pacmanai\debug\vc142.idb
c:\users\ben remez\source\repos\pacmanaidup\pacmanai\debug\main.obj
c:\users\ben remez\source\repos\pacmanaidup\pacmanai\debug\dup.obj
c:\users\ben remez\source\repos\pacmanaidup\pacmanai\debug\ghost.obj
c:\users\ben remez\source\repos\pacmanaidup\pacmanai\debug\comparebfscells.obj
c:\users\ben remez\source\repos\pacmanaidup\pacmanai\debug\compareastarcells.obj
c:\users\ben remez\source\repos\pacmanaidup\pacmanai\debug\cell.obj
c:\users\ben remez\source\repos\pacmanaidup\pacmanai\debug\pacman.obj
c:\users\ben remez\source\repos\pacmanai\debug\pacmanai.exe
c:\users\ben remez\source\repos\pacmanai\debug\pacmanai.ilk
c:\users\ben remez\source\repos\pacmanai\debug\pacmanai.pdb
c:\users\ben remez\source\repos\pacmanaidup\debug\pacmanai.exe
c:\users\ben remez\source\repos\pacmanaidup\debug\pacmanai.ilk
c:\users\ben remez\source\repos\pacmanaidup\debug\pacmanai.pdb
c:\users\ben remez\source\repos\pacmanai\pacmanai\debug\dup.obj
c:\users\ben remez\source\repos\pacmanai\pacmanai\debug\pacman.obj
c:\users\ben remez\source\repos\pacmanai\pacmanai\debug\cell.obj.enc
c:\users\ben remez\source\repos\pacmanai\pacmanai\debug\main.obj.enc
c:\users\ben remez\source\repos\pacmanai\pacmanai\debug\pacmanai.tlog\cl.command.1.tlog
c:\users\ben remez\source\repos\pacmanai\pacmanai\debug\pacmanai.tlog\cl.read.1.tlog
c:\users\ben remez\source\repos\pacmanai\pacmanai\debug\pacmanai.tlog\cl.write.1.tlog
c:\users\ben remez\source\repos\pacmanai\pacmanai\debug\pacmanai.tlog\link.command.1.tlog
c:\users\ben remez\source\repos\pacmanai\pacmanai\debug\pacmanai.tlog\link.read.1.tlog
c:\users\ben remez\source\repos\pacmanai\pacmanai\debug\pacmanai.tlog\link.write.1.tlog
